4041
4338
3804
3735
3789
4046
4064
4117
4117
4105
4055
4087
4079
4149
4079
4119
4105
4082
4155
8613
7740
6539
7955
6539
7456
9590
7328
4053
4100
7739
8175
7983
7530
7797
9068
7510
6584
4109
4092
7899
7176
8009
8452
9185
8483
8712
6867
4067
4170
6544
8635
6453
7148
6724
6702
6884
6492
3391
3419
3458
6988
5697
5620
6686
6404
7410
7084
6254
3432
3371
6157
6419
6925
7123
6413
7468
6429
6825
3956
3982
7863
7889
7324
8205
6930
8490
8063
8470
3918
3972
6952
7060
8293
7177
7088
7420
6200
8119
3951
3910
7013
7399
7433
7574
8824
7827
8102
9013
4179
4195
8806
7940
6618
8152
7586
8758
8023
8721
4134
4192
8755
8956
7143
8032
7380
6693
7069
7190
4217
3911
4223
4201
4204
4242
4229
4268
4197
4221
4231
4224
4194
4229
4220
4790
4295
4252
4249
4299
4129
4065
4002
4051
4072
4087
4053
4036
4106
4251
4165
3817
3976
3895
3950
3901
4590
3920
3865
3946
3917
3933
3919
3942
3972
3919
3936
3927
3966
3912
3953
3827
4637
3870
4207
4212
4229
4030
4007
4074
4007
4093
4002
4055
4039
3939
3917
3921
3969
4047
4079
4037
4048
3996
4001
3999
4023
4753
4040
4052
4061
4270
4060
4093
3826
4064
3937
3986
3937
3931
3975
3981
3982
3922
3945
3963
4107
4058
4061
4062
4159
4108
4100
4101
4093
4092
4080
4267
3995
3832
3830
4027
3820
4067
3878
4087
3871
4040
3861
4066
3825
4085
3828
3809
3837
4037
3818
4032
3865
3809
3821
3898
4353
4209
4201
3941
4165
3998
3946
3873
3894
3926
4148
3905
4141
3935
3881
4147
3901
4124
3993
4153
3899
4148
3845
4161
3906
4190
4045
4329
3921
3845
4080
3897
4125
3905
3884
4138
3888
4074
3865
4100
4129
3773
3893
4138
3862
4078
3892
4117
3894
4142
3896
4133
